INFO:root:Command succeeded: git pull origin main
INFO:root:Successfully appended records to Profiler_modem_SondeHourly.csv at 2024-05-11 17:01:08
INFO:root:Command succeeded: git add .
INFO:root:Command succeeded: git commit -m Changes to: .idea/.name
.idea/BrusdalsvatnetDT.iml
.idea/inspectionProfiles/Project_Default.xml
.idea/inspectionProfiles/profiles_settings.xml
.idea/misc.xml
.idea/vcs.xml
.idea/workspace.xml
Profiler_modem_SondeHourly.csv
Scheduled_ScrapeHourly.log
Scheduled_ScrapeWeather.log
INFO:root:Command succeeded: git push origin main
INFO:root:Command succeeded: git pull origin main
INFO:root:Successfully appended records to Profiler_modem_SondeHourly.csv at 2024-05-11 18:01:08
INFO:root:Command succeeded: git add .
INFO:root:Command succeeded: git commit -m Changes to: Profiler_modem_SondeHourly.csv
Scheduled_ScrapeHourly.log
Scheduled_ScrapeWeather.log
INFO:root:Command succeeded: git push origin main
INFO:root:Command succeeded: git pull origin main
INFO:root:Successfully appended records to Profiler_modem_SondeHourly.csv at 2024-05-11 19:01:07
INFO:root:Command succeeded: git add .
INFO:root:Command succeeded: git commit -m Changes to: Profiler_modem_SondeHourly.csv
Scheduled_ScrapeHourly.log
Scheduled_ScrapeWeather.log
INFO:root:Command succeeded: git push origin main
INFO:root:Command succeeded: git pull origin main
INFO:root:Successfully appended records to Profiler_modem_SondeHourly.csv at 2024-05-11 20:01:07
INFO:root:Command succeeded: git add .
INFO:root:Command succeeded: git commit -m Changes to: Profiler_modem_SondeHourly.csv
Scheduled_ScrapeHourly.log
Scheduled_ScrapeWeather.log
INFO:root:Command succeeded: git push origin main
INFO:root:Command succeeded: git pull origin main
INFO:root:Successfully appended records to Profiler_modem_SondeHourly.csv at 2024-05-11 21:01:07
INFO:root:Command succeeded: git add .
INFO:root:Command succeeded: git commit -m Changes to: .idea/.name
.idea/workspace.xml
Profiler_modem_SondeHourly.csv
Scheduled_ScrapeHourly.log
Scheduled_ScrapeWeather.log
INFO:root:Command succeeded: git push origin main
INFO:root:Command succeeded: git pull origin main
INFO:root:Successfully appended records to Profiler_modem_SondeHourly.csv at 2024-05-11 22:01:07
INFO:root:Command succeeded: git add .
INFO:root:Command succeeded: git commit -m Changes to: Profiler_modem_SondeHourly.csv
Scheduled_ScrapeWeather.log
INFO:root:Command succeeded: git push origin main
