INFO:root:Command succeeded: git pull origin main
INFO:root:Successfully opened http://89.9.0.217/tables.html using GeckoDriver
ERROR:root:Couldn't find button: /html/body/div[1]/div[2]/ul/li[10]/a, with error Alert Text: None
Message: Dismissed user prompt dialog: This site is asking you to sign in.
Stacktrace:
RemoteError@chrome://remote/content/shared/RemoteError.sys.mjs:8:8
WebDriverError@chrome://remote/content/shared/webdriver/Errors.sys.mjs:193:5
UnexpectedAlertOpenError@chrome://remote/content/shared/webdriver/Errors.sys.mjs:800:5
GeckoDriver.prototype._handleUserPrompts@chrome://remote/content/marionette/driver.sys.mjs:2835:13

ERROR:root:Couldn't find button: /html/body/div[1]/div[3]/ul/li[2]/a, with error Message: 
Stacktrace:
RemoteError@chrome://remote/content/shared/RemoteError.sys.mjs:8:8
WebDriverError@chrome://remote/content/shared/webdriver/Errors.sys.mjs:193:5
NoSuchElementError@chrome://remote/content/shared/webdriver/Errors.sys.mjs:511:5
dom.find/</<@chrome://remote/content/shared/DOM.sys.mjs:136:16

ERROR:root:Attempt to scrape table ended with Error: Message: 
Stacktrace:
RemoteError@chrome://remote/content/shared/RemoteError.sys.mjs:8:8
WebDriverError@chrome://remote/content/shared/webdriver/Errors.sys.mjs:193:5
NoSuchElementError@chrome://remote/content/shared/webdriver/Errors.sys.mjs:511:5
dom.find/</<@chrome://remote/content/shared/DOM.sys.mjs:136:16

