INFO:root:Successfully appended records to Profiler_modem_PFL_Step.csv at 2024-05-04 00:07:53
INFO:root:Push output: , with error code To https://github.com/russellprimeau/BrusdalsvatnetDT.git
   9755851..2259a59  main -> main

INFO:root:Successfully appended records to Profiler_modem_PFL_Step.csv at 2024-05-04 00:18:17
INFO:root:Push output: , with error code To https://github.com/russellprimeau/BrusdalsvatnetDT.git
   11dba18..61837dd  main -> main

INFO:root:Successfully appended records to Profiler_modem_PFL_Step.csv at 2024-05-04 00:25:06
INFO:root:Push output: , with error code To https://github.com/russellprimeau/BrusdalsvatnetDT.git
   99cf6c0..24fb921  main -> main

INFO:root:Successfully appended records to Profiler_modem_PFL_Step.csv at 2024-05-04 00:40:06
INFO:root:Push output: , with error code To https://github.com/russellprimeau/BrusdalsvatnetDT.git
 ! [rejected]        main -> main (fetch first)
error: failed to push some refs to 'https://github.com/russellprimeau/BrusdalsvatnetDT.git'
hint: Updates were rejected because the remote contains work that you do not
hint: have locally. This is usually caused by another repository pushing to
hint: the same ref. If you want to integrate the remote changes, use
hint: 'git pull' before pushing again.
hint: See the 'Note about fast-forwards' in 'git push --help' for details.

INFO:root:Successfully appended records to Profiler_modem_PFL_Step.csv at 2024-05-04 00:45:09
INFO:root:Push output: , with error code To https://github.com/russellprimeau/BrusdalsvatnetDT.git
   121fe5d..5b6ab83  main -> main

INFO:root:Successfully appended records to Profiler_modem_PFL_Step.csv at 2024-05-04 00:55:06
INFO:root:Push output: , with error code To https://github.com/russellprimeau/BrusdalsvatnetDT.git
   5b6ab83..673c860  main -> main

INFO:root:Successfully appended records to Profiler_modem_PFL_Step.csv at 2024-05-04 01:10:06
INFO:root:Push output: , with error code To https://github.com/russellprimeau/BrusdalsvatnetDT.git
   673c860..70d4fda  main -> main

INFO:root:Successfully appended records to Profiler_modem_PFL_Step.csv at 2024-05-04 01:25:06
INFO:root:Push output: , with error code To https://github.com/russellprimeau/BrusdalsvatnetDT.git
   70d4fda..48edd22  main -> main

INFO:root:Successfully appended records to Profiler_modem_PFL_Step.csv at 2024-05-04 01:40:06
INFO:root:Successfully appended records to Profiler_modem_PFL_Step.csv at 2024-05-04 01:55:06
INFO:root:Successfully appended records to Profiler_modem_PFL_Step.csv at 2024-05-04 02:10:06
INFO:root:Successfully appended records to Profiler_modem_PFL_Step.csv at 2024-05-04 12:10:08
INFO:root:Push output: , with error code To https://github.com/russellprimeau/BrusdalsvatnetDT.git
   d535899..51f3184  main -> main

INFO:root:Successfully appended records to Profiler_modem_PFL_Step.csv at 2024-05-04 12:25:07
INFO:root:Push output: , with error code To https://github.com/russellprimeau/BrusdalsvatnetDT.git
   51f3184..0bfe744  main -> main

INFO:root:Successfully appended records to Profiler_modem_PFL_Step.csv at 2024-05-04 12:40:07
INFO:root:Push output: , with error code To https://github.com/russellprimeau/BrusdalsvatnetDT.git
   0bfe744..2cd7f18  main -> main

INFO:root:Successfully appended records to Profiler_modem_PFL_Step.csv at 2024-05-04 12:55:07
INFO:root:Push output: , with error code To https://github.com/russellprimeau/BrusdalsvatnetDT.git
   2cd7f18..80cfec2  main -> main

INFO:root:Successfully appended records to Profiler_modem_PFL_Step.csv at 2024-05-04 13:10:07
INFO:root:Push output: , with error code To https://github.com/russellprimeau/BrusdalsvatnetDT.git
   80cfec2..bb3a4b8  main -> main

INFO:root:Successfully appended records to Profiler_modem_PFL_Step.csv at 2024-05-04 13:25:06
INFO:root:Push output: , with error code To https://github.com/russellprimeau/BrusdalsvatnetDT.git
   bb3a4b8..fc9f22c  main -> main

INFO:root:Successfully appended records to Profiler_modem_PFL_Step.csv at 2024-05-04 13:40:07
INFO:root:Successfully appended records to Profiler_modem_PFL_Step.csv at 2024-05-04 13:55:06
INFO:root:Successfully appended records to Profiler_modem_PFL_Step.csv at 2024-05-04 14:10:07
INFO:root:Successfully appended records to Profiler_modem_PFL_Step.csv at 2024-05-05 00:10:07
INFO:root:Push output: , with error code To https://github.com/russellprimeau/BrusdalsvatnetDT.git
   9a91b13..121f22b  main -> main

INFO:root:Successfully appended records to Profiler_modem_PFL_Step.csv at 2024-05-05 00:25:07
INFO:root:Push output: , with error code To https://github.com/russellprimeau/BrusdalsvatnetDT.git
   121f22b..c2f30df  main -> main

INFO:root:Successfully appended records to Profiler_modem_PFL_Step.csv at 2024-05-05 00:40:07
INFO:root:Push output: , with error code To https://github.com/russellprimeau/BrusdalsvatnetDT.git
   c2f30df..14235ab  main -> main

INFO:root:Successfully appended records to Profiler_modem_PFL_Step.csv at 2024-05-05 00:55:07
INFO:root:Push output: , with error code To https://github.com/russellprimeau/BrusdalsvatnetDT.git
   14235ab..1fe9edf  main -> main

INFO:root:Successfully appended records to Profiler_modem_PFL_Step.csv at 2024-05-05 01:10:06
INFO:root:Push output: , with error code To https://github.com/russellprimeau/BrusdalsvatnetDT.git
   1fe9edf..246fdcf  main -> main

INFO:root:Successfully appended records to Profiler_modem_PFL_Step.csv at 2024-05-05 01:25:07
INFO:root:Push output: , with error code To https://github.com/russellprimeau/BrusdalsvatnetDT.git
   246fdcf..e78f1f8  main -> main

INFO:root:Successfully appended records to Profiler_modem_PFL_Step.csv at 2024-05-05 01:40:06
INFO:root:Successfully appended records to Profiler_modem_PFL_Step.csv at 2024-05-05 01:55:07
INFO:root:Successfully appended records to Profiler_modem_PFL_Step.csv at 2024-05-05 02:10:07
INFO:root:Successfully appended records to Profiler_modem_PFL_Step.csv at 2024-05-05 12:10:07
INFO:root:Push output: , with error code To https://github.com/russellprimeau/BrusdalsvatnetDT.git
   8da8386..3ccd5d5  main -> main

INFO:root:Successfully appended records to Profiler_modem_PFL_Step.csv at 2024-05-05 12:25:07
INFO:root:Push output: , with error code To https://github.com/russellprimeau/BrusdalsvatnetDT.git
   3ccd5d5..dc16f13  main -> main

INFO:root:Successfully appended records to Profiler_modem_PFL_Step.csv at 2024-05-05 12:40:07
INFO:root:Push output: , with error code To https://github.com/russellprimeau/BrusdalsvatnetDT.git
   dc16f13..75a0cdd  main -> main

INFO:root:Successfully appended records to Profiler_modem_PFL_Step.csv at 2024-05-05 12:55:07
INFO:root:Push output: , with error code To https://github.com/russellprimeau/BrusdalsvatnetDT.git
   75a0cdd..e2e589e  main -> main

INFO:root:Successfully appended records to Profiler_modem_PFL_Step.csv at 2024-05-05 13:10:07
INFO:root:Push output: , with error code To https://github.com/russellprimeau/BrusdalsvatnetDT.git
   e2e589e..5b4b5e9  main -> main

INFO:root:Successfully appended records to Profiler_modem_PFL_Step.csv at 2024-05-05 13:25:06
INFO:root:Push output: , with error code To https://github.com/russellprimeau/BrusdalsvatnetDT.git
   5b4b5e9..dc5534a  main -> main

INFO:root:Successfully appended records to Profiler_modem_PFL_Step.csv at 2024-05-05 13:40:07
INFO:root:Successfully appended records to Profiler_modem_PFL_Step.csv at 2024-05-05 13:55:07
INFO:root:Successfully appended records to Profiler_modem_PFL_Step.csv at 2024-05-05 14:10:07
INFO:root:Command succeeded: git pull origin main
INFO:root:Successfully appended records to Profiler_modem_PFL_Step.csv at 2024-05-05 19:54:25
INFO:root:Command succeeded: git add .
INFO:root:Command succeeded: git commit -m Changes to: ScrapeStep.py
INFO:root:Command succeeded: git push origin main
INFO:root:Command succeeded: git pull origin main
INFO:root:Successfully appended records to Profiler_modem_PFL_Step.csv at 2024-05-06 00:10:07
INFO:root:Command succeeded: git add .
INFO:root:Command succeeded: git commit -m Changes to: Profiler_modem_PFL_Step.csv
INFO:root:Command succeeded: git push origin main
INFO:root:Command succeeded: git pull origin main
INFO:root:Successfully appended records to Profiler_modem_PFL_Step.csv at 2024-05-06 00:25:08
INFO:root:Command succeeded: git add .
INFO:root:Command succeeded: git commit -m Changes to: Profiler_modem_PFL_Step.csv
INFO:root:Command succeeded: git push origin main
INFO:root:Command succeeded: git pull origin main
INFO:root:Successfully appended records to Profiler_modem_PFL_Step.csv at 2024-05-06 00:40:07
INFO:root:Command succeeded: git add .
INFO:root:Command succeeded: git commit -m Changes to: Profiler_modem_PFL_Step.csv
INFO:root:Command succeeded: git push origin main
INFO:root:Command succeeded: git pull origin main
INFO:root:Successfully appended records to Profiler_modem_PFL_Step.csv at 2024-05-06 00:55:08
INFO:root:Command succeeded: git add .
INFO:root:Command succeeded: git commit -m Changes to: Profiler_modem_PFL_Step.csv
INFO:root:Command succeeded: git push origin main
INFO:root:Command succeeded: git pull origin main
INFO:root:Successfully appended records to Profiler_modem_PFL_Step.csv at 2024-05-06 01:10:08
INFO:root:Command succeeded: git add .
INFO:root:Command succeeded: git commit -m Changes to: Profiler_modem_PFL_Step.csv
INFO:root:Command succeeded: git push origin main
INFO:root:Command succeeded: git pull origin main
INFO:root:Successfully appended records to Profiler_modem_PFL_Step.csv at 2024-05-06 01:25:08
INFO:root:Command succeeded: git add .
INFO:root:Command succeeded: git commit -m Changes to: Profiler_modem_PFL_Step.csv
INFO:root:Command succeeded: git push origin main
INFO:root:Command succeeded: git pull origin main
INFO:root:Successfully appended records to Profiler_modem_PFL_Step.csv at 2024-05-06 01:40:08
INFO:root:Command succeeded: git add .
ERROR:root:Command failed: git commit -m No changes detected. Error message: 
INFO:root:Command succeeded: git push origin main
INFO:root:Command succeeded: git pull origin main
INFO:root:Successfully appended records to Profiler_modem_PFL_Step.csv at 2024-05-06 01:55:08
INFO:root:Command succeeded: git add .
ERROR:root:Command failed: git commit -m No changes detected. Error message: 
INFO:root:Command succeeded: git push origin main
INFO:root:Command succeeded: git pull origin main
INFO:root:Successfully appended records to Profiler_modem_PFL_Step.csv at 2024-05-06 02:10:08
INFO:root:Command succeeded: git add .
ERROR:root:Command failed: git commit -m No changes detected. Error message: 
INFO:root:Command succeeded: git push origin main
INFO:root:Command succeeded: git pull origin main
INFO:root:Successfully appended records to Profiler_modem_PFL_Step.csv at 2024-05-06 12:10:07
INFO:root:Command succeeded: git add .
INFO:root:Command succeeded: git commit -m Changes to: Profiler_modem_PFL_Step.csv
INFO:root:Command succeeded: git push origin main
INFO:root:Command succeeded: git pull origin main
INFO:root:Successfully appended records to Profiler_modem_PFL_Step.csv at 2024-05-06 12:25:08
INFO:root:Command succeeded: git add .
INFO:root:Command succeeded: git commit -m Changes to: Profiler_modem_PFL_Step.csv
INFO:root:Command succeeded: git push origin main
INFO:root:Command succeeded: git pull origin main
INFO:root:Successfully appended records to Profiler_modem_PFL_Step.csv at 2024-05-06 12:40:08
INFO:root:Command succeeded: git add .
INFO:root:Command succeeded: git commit -m Changes to: Profiler_modem_PFL_Step.csv
INFO:root:Command succeeded: git push origin main
INFO:root:Command succeeded: git pull origin main
INFO:root:Successfully appended records to Profiler_modem_PFL_Step.csv at 2024-05-06 12:55:09
INFO:root:Command succeeded: git add .
INFO:root:Command succeeded: git commit -m Changes to: Profiler_modem_PFL_Step.csv
INFO:root:Command succeeded: git push origin main
INFO:root:Command succeeded: git pull origin main
INFO:root:Successfully appended records to Profiler_modem_PFL_Step.csv at 2024-05-06 13:10:08
INFO:root:Command succeeded: git add .
INFO:root:Command succeeded: git commit -m Changes to: Profiler_modem_PFL_Step.csv
INFO:root:Command succeeded: git push origin main
INFO:root:Command succeeded: git pull origin main
INFO:root:Successfully appended records to Profiler_modem_PFL_Step.csv at 2024-05-06 13:25:08
INFO:root:Command succeeded: git add .
INFO:root:Command succeeded: git commit -m Changes to: Profiler_modem_PFL_Step.csv
INFO:root:Command succeeded: git push origin main
INFO:root:Command succeeded: git pull origin main
INFO:root:Successfully appended records to Profiler_modem_PFL_Step.csv at 2024-05-06 13:40:08
INFO:root:Command succeeded: git add .
ERROR:root:Command failed: git commit -m No changes detected. Error message: 
INFO:root:Command succeeded: git push origin main
INFO:root:Command succeeded: git pull origin main
INFO:root:Successfully appended records to Profiler_modem_PFL_Step.csv at 2024-05-06 13:55:11
INFO:root:Command succeeded: git add .
ERROR:root:Command failed: git commit -m No changes detected. Error message: 
INFO:root:Command succeeded: git push origin main
INFO:root:Command succeeded: git pull origin main
INFO:root:Successfully appended records to Profiler_modem_PFL_Step.csv at 2024-05-06 14:10:08
INFO:root:Command succeeded: git add .
ERROR:root:Command failed: git commit -m No changes detected. Error message: 
INFO:root:Command succeeded: git push origin main
INFO:root:Command succeeded: git pull origin main
INFO:root:Successfully appended records to Profiler_modem_PFL_Step.csv at 2024-05-07 00:10:07
INFO:root:Command succeeded: git add .
INFO:root:Command succeeded: git commit -m Changes to: Profiler_modem_PFL_Step.csv
INFO:root:Command succeeded: git push origin main
INFO:root:Command succeeded: git pull origin main
INFO:root:Successfully appended records to Profiler_modem_PFL_Step.csv at 2024-05-07 00:25:08
INFO:root:Command succeeded: git add .
INFO:root:Command succeeded: git commit -m Changes to: Profiler_modem_PFL_Step.csv
INFO:root:Command succeeded: git push origin main
INFO:root:Command succeeded: git pull origin main
INFO:root:Successfully appended records to Profiler_modem_PFL_Step.csv at 2024-05-07 00:40:08
INFO:root:Command succeeded: git add .
INFO:root:Command succeeded: git commit -m Changes to: Profiler_modem_PFL_Step.csv
INFO:root:Command succeeded: git push origin main
INFO:root:Command succeeded: git pull origin main
INFO:root:Successfully appended records to Profiler_modem_PFL_Step.csv at 2024-05-07 00:55:09
INFO:root:Command succeeded: git add .
INFO:root:Command succeeded: git commit -m Changes to: Profiler_modem_PFL_Step.csv
INFO:root:Command succeeded: git push origin main
INFO:root:Command succeeded: git pull origin main
INFO:root:Successfully appended records to Profiler_modem_PFL_Step.csv at 2024-05-07 01:10:08
INFO:root:Command succeeded: git add .
INFO:root:Command succeeded: git commit -m Changes to: Profiler_modem_PFL_Step.csv
INFO:root:Command succeeded: git push origin main
INFO:root:Command succeeded: git pull origin main
INFO:root:Successfully appended records to Profiler_modem_PFL_Step.csv at 2024-05-07 01:25:08
INFO:root:Command succeeded: git add .
INFO:root:Command succeeded: git commit -m Changes to: Profiler_modem_PFL_Step.csv
INFO:root:Command succeeded: git push origin main
INFO:root:Command succeeded: git pull origin main
INFO:root:Successfully appended records to Profiler_modem_PFL_Step.csv at 2024-05-07 01:40:08
INFO:root:Command succeeded: git add .
ERROR:root:Command failed: git commit -m No changes detected. Error message: 
INFO:root:Command succeeded: git push origin main
INFO:root:Command succeeded: git pull origin main
INFO:root:Successfully appended records to Profiler_modem_PFL_Step.csv at 2024-05-07 01:55:07
INFO:root:Command succeeded: git add .
ERROR:root:Command failed: git commit -m No changes detected. Error message: 
INFO:root:Command succeeded: git push origin main
INFO:root:Command succeeded: git pull origin main
INFO:root:Successfully appended records to Profiler_modem_PFL_Step.csv at 2024-05-07 02:10:08
INFO:root:Command succeeded: git add .
ERROR:root:Command failed: git commit -m No changes detected. Error message: 
INFO:root:Command succeeded: git push origin main
INFO:root:Command succeeded: git pull origin main
INFO:root:Successfully appended records to Profiler_modem_PFL_Step.csv at 2024-05-07 12:10:07
INFO:root:Command succeeded: git add .
INFO:root:Command succeeded: git commit -m Changes to: Profiler_modem_PFL_Step.csv
INFO:root:Command succeeded: git push origin main
INFO:root:Command succeeded: git pull origin main
INFO:root:Successfully appended records to Profiler_modem_PFL_Step.csv at 2024-05-07 12:25:08
INFO:root:Command succeeded: git add .
INFO:root:Command succeeded: git commit -m Changes to: Profiler_modem_PFL_Step.csv
INFO:root:Command succeeded: git push origin main
INFO:root:Command succeeded: git pull origin main
INFO:root:Successfully appended records to Profiler_modem_PFL_Step.csv at 2024-05-07 12:40:07
INFO:root:Command succeeded: git add .
INFO:root:Command succeeded: git commit -m Changes to: Profiler_modem_PFL_Step.csv
INFO:root:Command succeeded: git push origin main
INFO:root:Command succeeded: git pull origin main
INFO:root:Successfully appended records to Profiler_modem_PFL_Step.csv at 2024-05-07 12:55:08
INFO:root:Command succeeded: git add .
INFO:root:Command succeeded: git commit -m Changes to: Profiler_modem_PFL_Step.csv
INFO:root:Command succeeded: git push origin main
INFO:root:Command succeeded: git pull origin main
INFO:root:Successfully appended records to Profiler_modem_PFL_Step.csv at 2024-05-07 13:10:08
INFO:root:Command succeeded: git add .
INFO:root:Command succeeded: git commit -m Changes to: Profiler_modem_PFL_Step.csv
INFO:root:Command succeeded: git push origin main
INFO:root:Command succeeded: git pull origin main
INFO:root:Successfully appended records to Profiler_modem_PFL_Step.csv at 2024-05-07 13:25:08
INFO:root:Command succeeded: git add .
INFO:root:Command succeeded: git commit -m Changes to: Profiler_modem_PFL_Step.csv
INFO:root:Command succeeded: git push origin main
INFO:root:Command succeeded: git pull origin main
INFO:root:Successfully appended records to Profiler_modem_PFL_Step.csv at 2024-05-07 13:40:08
INFO:root:Command succeeded: git add .
ERROR:root:Command failed: git commit -m No changes detected. Error message: 
INFO:root:Command succeeded: git push origin main
INFO:root:Command succeeded: git pull origin main
INFO:root:Successfully appended records to Profiler_modem_PFL_Step.csv at 2024-05-07 13:55:08
INFO:root:Command succeeded: git add .
ERROR:root:Command failed: git commit -m No changes detected. Error message: 
INFO:root:Command succeeded: git push origin main
INFO:root:Command succeeded: git pull origin main
INFO:root:Successfully appended records to Profiler_modem_PFL_Step.csv at 2024-05-07 14:10:08
INFO:root:Command succeeded: git add .
ERROR:root:Command failed: git commit -m No changes detected. Error message: 
INFO:root:Command succeeded: git push origin main
INFO:root:Command succeeded: git pull origin main
INFO:root:Successfully appended records to Profiler_modem_PFL_Step.csv at 2024-05-08 00:10:07
INFO:root:Command succeeded: git add .
INFO:root:Command succeeded: git commit -m Changes to: Profiler_modem_PFL_Step.csv
INFO:root:Command succeeded: git push origin main
INFO:root:Command succeeded: git pull origin main
INFO:root:Successfully appended records to Profiler_modem_PFL_Step.csv at 2024-05-08 00:25:08
INFO:root:Command succeeded: git add .
INFO:root:Command succeeded: git commit -m Changes to: Profiler_modem_PFL_Step.csv
INFO:root:Command succeeded: git push origin main
INFO:root:Command succeeded: git pull origin main
INFO:root:Successfully appended records to Profiler_modem_PFL_Step.csv at 2024-05-08 00:40:08
INFO:root:Command succeeded: git add .
INFO:root:Command succeeded: git commit -m Changes to: Profiler_modem_PFL_Step.csv
INFO:root:Command succeeded: git push origin main
INFO:root:Command succeeded: git pull origin main
INFO:root:Successfully appended records to Profiler_modem_PFL_Step.csv at 2024-05-08 00:55:08
INFO:root:Command succeeded: git add .
INFO:root:Command succeeded: git commit -m Changes to: Profiler_modem_PFL_Step.csv
INFO:root:Command succeeded: git push origin main
INFO:root:Command succeeded: git pull origin main
INFO:root:Successfully appended records to Profiler_modem_PFL_Step.csv at 2024-05-08 01:10:08
INFO:root:Command succeeded: git add .
INFO:root:Command succeeded: git commit -m Changes to: Profiler_modem_PFL_Step.csv
INFO:root:Command succeeded: git push origin main
INFO:root:Command succeeded: git pull origin main
INFO:root:Successfully appended records to Profiler_modem_PFL_Step.csv at 2024-05-08 01:25:08
INFO:root:Command succeeded: git add .
INFO:root:Command succeeded: git commit -m Changes to: Profiler_modem_PFL_Step.csv
INFO:root:Command succeeded: git push origin main
INFO:root:Command succeeded: git pull origin main
INFO:root:Successfully appended records to Profiler_modem_PFL_Step.csv at 2024-05-08 01:40:08
INFO:root:Command succeeded: git add .
ERROR:root:Command failed: git commit -m No changes detected. Error message: 
INFO:root:Command succeeded: git push origin main
INFO:root:Command succeeded: git pull origin main
INFO:root:Successfully appended records to Profiler_modem_PFL_Step.csv at 2024-05-08 01:55:08
INFO:root:Command succeeded: git add .
ERROR:root:Command failed: git commit -m No changes detected. Error message: 
INFO:root:Command succeeded: git push origin main
INFO:root:Command succeeded: git pull origin main
INFO:root:Successfully appended records to Profiler_modem_PFL_Step.csv at 2024-05-08 02:10:08
INFO:root:Command succeeded: git add .
ERROR:root:Command failed: git commit -m No changes detected. Error message: 
INFO:root:Command succeeded: git push origin main
INFO:root:Command succeeded: git pull origin main
INFO:root:Successfully appended records to Profiler_modem_PFL_Step.csv at 2024-05-08 12:10:07
INFO:root:Command succeeded: git add .
INFO:root:Command succeeded: git commit -m Changes to: Profiler_modem_PFL_Step.csv
INFO:root:Command succeeded: git push origin main
INFO:root:Command succeeded: git pull origin main
INFO:root:Successfully appended records to Profiler_modem_PFL_Step.csv at 2024-05-08 12:25:08
INFO:root:Command succeeded: git add .
INFO:root:Command succeeded: git commit -m Changes to: Profiler_modem_PFL_Step.csv
INFO:root:Command succeeded: git push origin main
INFO:root:Command succeeded: git pull origin main
INFO:root:Successfully appended records to Profiler_modem_PFL_Step.csv at 2024-05-08 12:40:08
INFO:root:Command succeeded: git add .
INFO:root:Command succeeded: git commit -m Changes to: Profiler_modem_PFL_Step.csv
INFO:root:Command succeeded: git push origin main
INFO:root:Command succeeded: git pull origin main
INFO:root:Successfully appended records to Profiler_modem_PFL_Step.csv at 2024-05-08 12:55:08
INFO:root:Command succeeded: git add .
INFO:root:Command succeeded: git commit -m Changes to: Profiler_modem_PFL_Step.csv
INFO:root:Command succeeded: git push origin main
INFO:root:Command succeeded: git pull origin main
INFO:root:Successfully appended records to Profiler_modem_PFL_Step.csv at 2024-05-08 13:10:08
INFO:root:Command succeeded: git add .
INFO:root:Command succeeded: git commit -m Changes to: Profiler_modem_PFL_Step.csv
INFO:root:Command succeeded: git push origin main
INFO:root:Command succeeded: git pull origin main
INFO:root:Successfully appended records to Profiler_modem_PFL_Step.csv at 2024-05-08 13:25:08
INFO:root:Command succeeded: git add .
INFO:root:Command succeeded: git commit -m Changes to: Profiler_modem_PFL_Step.csv
INFO:root:Command succeeded: git push origin main
INFO:root:Command succeeded: git pull origin main
INFO:root:Successfully appended records to Profiler_modem_PFL_Step.csv at 2024-05-08 13:40:08
INFO:root:Command succeeded: git add .
ERROR:root:Command failed: git commit -m No changes detected. Error message: 
INFO:root:Command succeeded: git push origin main
INFO:root:Command succeeded: git pull origin main
INFO:root:Successfully appended records to Profiler_modem_PFL_Step.csv at 2024-05-08 13:55:08
INFO:root:Command succeeded: git add .
ERROR:root:Command failed: git commit -m No changes detected. Error message: 
INFO:root:Command succeeded: git push origin main
INFO:root:Command succeeded: git pull origin main
INFO:root:Successfully appended records to Profiler_modem_PFL_Step.csv at 2024-05-08 14:10:08
INFO:root:Command succeeded: git add .
ERROR:root:Command failed: git commit -m No changes detected. Error message: 
INFO:root:Command succeeded: git push origin main
INFO:root:Command succeeded: git pull origin main
INFO:root:Successfully appended records to Profiler_modem_PFL_Step.csv at 2024-05-09 00:10:07
INFO:root:Command succeeded: git add .
INFO:root:Command succeeded: git commit -m Changes to: Profiler_modem_PFL_Step.csv
INFO:root:Command succeeded: git push origin main
INFO:root:Command succeeded: git pull origin main
INFO:root:Successfully appended records to Profiler_modem_PFL_Step.csv at 2024-05-09 00:25:08
INFO:root:Command succeeded: git add .
INFO:root:Command succeeded: git commit -m Changes to: Profiler_modem_PFL_Step.csv
INFO:root:Command succeeded: git push origin main
INFO:root:Command succeeded: git pull origin main
INFO:root:Successfully appended records to Profiler_modem_PFL_Step.csv at 2024-05-09 00:40:08
INFO:root:Command succeeded: git add .
INFO:root:Command succeeded: git commit -m Changes to: Profiler_modem_PFL_Step.csv
INFO:root:Command succeeded: git push origin main
INFO:root:Command succeeded: git pull origin main
INFO:root:Successfully appended records to Profiler_modem_PFL_Step.csv at 2024-05-09 00:55:08
INFO:root:Command succeeded: git add .
INFO:root:Command succeeded: git commit -m Changes to: Profiler_modem_PFL_Step.csv
INFO:root:Command succeeded: git push origin main
INFO:root:Command succeeded: git pull origin main
INFO:root:Successfully appended records to Profiler_modem_PFL_Step.csv at 2024-05-09 01:10:08
INFO:root:Command succeeded: git add .
INFO:root:Command succeeded: git commit -m Changes to: Profiler_modem_PFL_Step.csv
INFO:root:Command succeeded: git push origin main
INFO:root:Command succeeded: git pull origin main
INFO:root:Successfully appended records to Profiler_modem_PFL_Step.csv at 2024-05-09 01:25:08
INFO:root:Command succeeded: git add .
INFO:root:Command succeeded: git commit -m Changes to: Profiler_modem_PFL_Step.csv
INFO:root:Command succeeded: git push origin main
INFO:root:Command succeeded: git pull origin main
INFO:root:Successfully appended records to Profiler_modem_PFL_Step.csv at 2024-05-09 01:40:08
INFO:root:Command succeeded: git add .
ERROR:root:Command failed: git commit -m No changes detected. Error message: 
INFO:root:Command succeeded: git push origin main
INFO:root:Command succeeded: git pull origin main
INFO:root:Successfully appended records to Profiler_modem_PFL_Step.csv at 2024-05-09 01:55:08
INFO:root:Command succeeded: git add .
ERROR:root:Command failed: git commit -m No changes detected. Error message: 
INFO:root:Command succeeded: git push origin main
INFO:root:Command succeeded: git pull origin main
INFO:root:Successfully appended records to Profiler_modem_PFL_Step.csv at 2024-05-09 02:10:09
INFO:root:Command succeeded: git add .
ERROR:root:Command failed: git commit -m No changes detected. Error message: 
INFO:root:Command succeeded: git push origin main
INFO:root:Command succeeded: git pull origin main
INFO:root:Successfully appended records to Profiler_modem_PFL_Step.csv at 2024-05-09 12:10:07
INFO:root:Command succeeded: git add .
INFO:root:Command succeeded: git commit -m Changes to: Profiler_modem_PFL_Step.csv
INFO:root:Command succeeded: git push origin main
INFO:root:Command succeeded: git pull origin main
INFO:root:Successfully appended records to Profiler_modem_PFL_Step.csv at 2024-05-09 12:25:08
INFO:root:Command succeeded: git add .
INFO:root:Command succeeded: git commit -m Changes to: Profiler_modem_PFL_Step.csv
INFO:root:Command succeeded: git push origin main
INFO:root:Command succeeded: git pull origin main
INFO:root:Successfully appended records to Profiler_modem_PFL_Step.csv at 2024-05-09 12:40:07
INFO:root:Command succeeded: git add .
INFO:root:Command succeeded: git commit -m Changes to: Profiler_modem_PFL_Step.csv
INFO:root:Command succeeded: git push origin main
INFO:root:Command succeeded: git pull origin main
INFO:root:Successfully appended records to Profiler_modem_PFL_Step.csv at 2024-05-09 12:55:08
INFO:root:Command succeeded: git add .
INFO:root:Command succeeded: git commit -m Changes to: Profiler_modem_PFL_Step.csv
INFO:root:Command succeeded: git push origin main
INFO:root:Command succeeded: git pull origin main
INFO:root:Successfully appended records to Profiler_modem_PFL_Step.csv at 2024-05-09 13:10:07
INFO:root:Command succeeded: git add .
INFO:root:Command succeeded: git commit -m Changes to: Profiler_modem_PFL_Step.csv
INFO:root:Command succeeded: git push origin main
INFO:root:Command succeeded: git pull origin main
INFO:root:Successfully appended records to Profiler_modem_PFL_Step.csv at 2024-05-09 13:25:07
INFO:root:Command succeeded: git add .
INFO:root:Command succeeded: git commit -m Changes to: Profiler_modem_PFL_Step.csv
INFO:root:Command succeeded: git push origin main
INFO:root:Command succeeded: git pull origin main
INFO:root:Successfully appended records to Profiler_modem_PFL_Step.csv at 2024-05-09 13:40:08
INFO:root:Command succeeded: git add .
ERROR:root:Command failed: git commit -m No changes detected. Error message: 
INFO:root:Command succeeded: git push origin main
INFO:root:Command succeeded: git pull origin main
INFO:root:Successfully appended records to Profiler_modem_PFL_Step.csv at 2024-05-09 13:55:08
INFO:root:Command succeeded: git add .
ERROR:root:Command failed: git commit -m No changes detected. Error message: 
INFO:root:Command succeeded: git push origin main
INFO:root:Command succeeded: git pull origin main
INFO:root:Successfully appended records to Profiler_modem_PFL_Step.csv at 2024-05-09 14:10:08
INFO:root:Command succeeded: git add .
ERROR:root:Command failed: git commit -m No changes detected. Error message: 
INFO:root:Command succeeded: git push origin main
INFO:root:Command succeeded: git pull origin main
INFO:root:Successfully appended records to Profiler_modem_PFL_Step.csv at 2024-05-10 00:10:07
INFO:root:Command succeeded: git add .
INFO:root:Command succeeded: git commit -m Changes to: Profiler_modem_PFL_Step.csv
INFO:root:Command succeeded: git push origin main
INFO:root:Command succeeded: git pull origin main
INFO:root:Successfully appended records to Profiler_modem_PFL_Step.csv at 2024-05-10 00:25:07
INFO:root:Command succeeded: git add .
INFO:root:Command succeeded: git commit -m Changes to: Profiler_modem_PFL_Step.csv
INFO:root:Command succeeded: git push origin main
INFO:root:Command succeeded: git pull origin main
INFO:root:Successfully appended records to Profiler_modem_PFL_Step.csv at 2024-05-10 00:40:07
INFO:root:Command succeeded: git add .
INFO:root:Command succeeded: git commit -m Changes to: Profiler_modem_PFL_Step.csv
INFO:root:Command succeeded: git push origin main
INFO:root:Command succeeded: git pull origin main
INFO:root:Successfully appended records to Profiler_modem_PFL_Step.csv at 2024-05-10 00:55:08
INFO:root:Command succeeded: git add .
INFO:root:Command succeeded: git commit -m Changes to: Profiler_modem_PFL_Step.csv
INFO:root:Command succeeded: git push origin main
INFO:root:Command succeeded: git pull origin main
INFO:root:Successfully appended records to Profiler_modem_PFL_Step.csv at 2024-05-10 01:10:08
INFO:root:Command succeeded: git add .
INFO:root:Command succeeded: git commit -m Changes to: Profiler_modem_PFL_Step.csv
INFO:root:Command succeeded: git push origin main
INFO:root:Command succeeded: git pull origin main
INFO:root:Successfully appended records to Profiler_modem_PFL_Step.csv at 2024-05-10 01:25:08
INFO:root:Command succeeded: git add .
INFO:root:Command succeeded: git commit -m Changes to: Profiler_modem_PFL_Step.csv
INFO:root:Command succeeded: git push origin main
INFO:root:Command succeeded: git pull origin main
INFO:root:Successfully appended records to Profiler_modem_PFL_Step.csv at 2024-05-10 01:40:08
INFO:root:Command succeeded: git add .
ERROR:root:Command failed: git commit -m No changes detected. Error message: 
INFO:root:Command succeeded: git push origin main
INFO:root:Command succeeded: git pull origin main
INFO:root:Successfully appended records to Profiler_modem_PFL_Step.csv at 2024-05-10 01:55:07
INFO:root:Command succeeded: git add .
ERROR:root:Command failed: git commit -m No changes detected. Error message: 
INFO:root:Command succeeded: git push origin main
INFO:root:Command succeeded: git pull origin main
INFO:root:Successfully appended records to Profiler_modem_PFL_Step.csv at 2024-05-10 02:10:08
INFO:root:Command succeeded: git add .
ERROR:root:Command failed: git commit -m No changes detected. Error message: 
INFO:root:Command succeeded: git push origin main
INFO:root:Command succeeded: git pull origin main
INFO:root:Successfully appended records to Profiler_modem_PFL_Step.csv at 2024-05-10 12:10:07
INFO:root:Command succeeded: git add .
INFO:root:Command succeeded: git commit -m Changes to: Profiler_modem_PFL_Step.csv
INFO:root:Command succeeded: git push origin main
INFO:root:Command succeeded: git pull origin main
INFO:root:Successfully appended records to Profiler_modem_PFL_Step.csv at 2024-05-10 12:25:08
INFO:root:Command succeeded: git add .
INFO:root:Command succeeded: git commit -m Changes to: Profiler_modem_PFL_Step.csv
INFO:root:Command succeeded: git push origin main
INFO:root:Command succeeded: git pull origin main
INFO:root:Successfully appended records to Profiler_modem_PFL_Step.csv at 2024-05-10 12:40:08
INFO:root:Command succeeded: git add .
INFO:root:Command succeeded: git commit -m Changes to: Profiler_modem_PFL_Step.csv
INFO:root:Command succeeded: git push origin main
INFO:root:Command succeeded: git pull origin main
INFO:root:Successfully appended records to Profiler_modem_PFL_Step.csv at 2024-05-10 12:55:14
INFO:root:Command succeeded: git add .
INFO:root:Command succeeded: git commit -m Changes to: Profiler_modem_PFL_Step.csv
INFO:root:Command succeeded: git push origin main
INFO:root:Command succeeded: git pull origin main
INFO:root:Successfully appended records to Profiler_modem_PFL_Step.csv at 2024-05-10 13:10:08
INFO:root:Command succeeded: git add .
INFO:root:Command succeeded: git commit -m Changes to: Profiler_modem_PFL_Step.csv
INFO:root:Command succeeded: git push origin main
INFO:root:Command succeeded: git pull origin main
INFO:root:Successfully appended records to Profiler_modem_PFL_Step.csv at 2024-05-10 13:25:09
INFO:root:Command succeeded: git add .
INFO:root:Command succeeded: git commit -m Changes to: Profiler_modem_PFL_Step.csv
INFO:root:Command succeeded: git push origin main
INFO:root:Command succeeded: git pull origin main
INFO:root:Successfully appended records to Profiler_modem_PFL_Step.csv at 2024-05-10 13:40:07
INFO:root:Command succeeded: git add .
ERROR:root:Command failed: git commit -m No changes detected. Error message: 
INFO:root:Command succeeded: git push origin main
INFO:root:Command succeeded: git pull origin main
INFO:root:Successfully appended records to Profiler_modem_PFL_Step.csv at 2024-05-10 13:55:08
INFO:root:Command succeeded: git add .
ERROR:root:Command failed: git commit -m No changes detected. Error message: 
INFO:root:Command succeeded: git push origin main
INFO:root:Command succeeded: git pull origin main
INFO:root:Successfully appended records to Profiler_modem_PFL_Step.csv at 2024-05-10 14:10:08
INFO:root:Command succeeded: git add .
ERROR:root:Command failed: git commit -m No changes detected. Error message: 
INFO:root:Command succeeded: git push origin main
INFO:root:Command succeeded: git pull origin main
INFO:root:Successfully appended records to Profiler_modem_PFL_Step.csv at 2024-05-11 00:10:08
INFO:root:Command succeeded: git add .
INFO:root:Command succeeded: git commit -m Changes to: Profiler_modem_PFL_Step.csv
INFO:root:Command succeeded: git push origin main
INFO:root:Command succeeded: git pull origin main
INFO:root:Successfully appended records to Profiler_modem_PFL_Step.csv at 2024-05-11 00:25:08
INFO:root:Command succeeded: git add .
INFO:root:Command succeeded: git commit -m Changes to: Profiler_modem_PFL_Step.csv
INFO:root:Command succeeded: git push origin main
INFO:root:Command succeeded: git pull origin main
INFO:root:Successfully appended records to Profiler_modem_PFL_Step.csv at 2024-05-11 00:40:08
INFO:root:Command succeeded: git add .
INFO:root:Command succeeded: git commit -m Changes to: Profiler_modem_PFL_Step.csv
INFO:root:Command succeeded: git push origin main
INFO:root:Command succeeded: git pull origin main
INFO:root:Successfully appended records to Profiler_modem_PFL_Step.csv at 2024-05-11 00:55:09
INFO:root:Command succeeded: git add .
INFO:root:Command succeeded: git commit -m Changes to: Profiler_modem_PFL_Step.csv
INFO:root:Command succeeded: git push origin main
INFO:root:Command succeeded: git pull origin main
INFO:root:Successfully appended records to Profiler_modem_PFL_Step.csv at 2024-05-11 01:10:08
INFO:root:Command succeeded: git add .
INFO:root:Command succeeded: git commit -m Changes to: Profiler_modem_PFL_Step.csv
INFO:root:Command succeeded: git push origin main
INFO:root:Command succeeded: git pull origin main
INFO:root:Successfully appended records to Profiler_modem_PFL_Step.csv at 2024-05-11 01:25:09
INFO:root:Command succeeded: git add .
INFO:root:Command succeeded: git commit -m Changes to: Profiler_modem_PFL_Step.csv
INFO:root:Command succeeded: git push origin main
INFO:root:Command succeeded: git pull origin main
INFO:root:Successfully appended records to Profiler_modem_PFL_Step.csv at 2024-05-11 01:40:07
INFO:root:Command succeeded: git add .
ERROR:root:Command failed: git commit -m No changes detected. Error message: 
INFO:root:Command succeeded: git push origin main
INFO:root:Command succeeded: git pull origin main
INFO:root:Successfully appended records to Profiler_modem_PFL_Step.csv at 2024-05-11 01:55:08
INFO:root:Command succeeded: git add .
ERROR:root:Command failed: git commit -m No changes detected. Error message: 
INFO:root:Command succeeded: git push origin main
INFO:root:Command succeeded: git pull origin main
INFO:root:Successfully appended records to Profiler_modem_PFL_Step.csv at 2024-05-11 02:10:08
INFO:root:Command succeeded: git add .
ERROR:root:Command failed: git commit -m No changes detected. Error message: 
INFO:root:Command succeeded: git push origin main
INFO:root:Command succeeded: git pull origin main
INFO:root:Successfully appended records to Profiler_modem_PFL_Step.csv at 2024-05-11 12:10:07
INFO:root:Command succeeded: git add .
INFO:root:Command succeeded: git commit -m Changes to: Profiler_modem_PFL_Step.csv
INFO:root:Command succeeded: git push origin main
INFO:root:Command succeeded: git pull origin main
INFO:root:Successfully appended records to Profiler_modem_PFL_Step.csv at 2024-05-11 12:25:08
INFO:root:Command succeeded: git add .
INFO:root:Command succeeded: git commit -m Changes to: Profiler_modem_PFL_Step.csv
INFO:root:Command succeeded: git push origin main
INFO:root:Command succeeded: git pull origin main
INFO:root:Successfully appended records to Profiler_modem_PFL_Step.csv at 2024-05-11 12:40:07
INFO:root:Command succeeded: git add .
INFO:root:Command succeeded: git commit -m Changes to: Profiler_modem_PFL_Step.csv
INFO:root:Command succeeded: git push origin main
INFO:root:Command succeeded: git pull origin main
INFO:root:Successfully appended records to Profiler_modem_PFL_Step.csv at 2024-05-11 12:55:08
INFO:root:Command succeeded: git add .
INFO:root:Command succeeded: git commit -m Changes to: Profiler_modem_PFL_Step.csv
INFO:root:Command succeeded: git push origin main
INFO:root:Command succeeded: git pull origin main
INFO:root:Successfully appended records to Profiler_modem_PFL_Step.csv at 2024-05-11 13:10:09
INFO:root:Command succeeded: git add .
INFO:root:Command succeeded: git commit -m Changes to: Profiler_modem_PFL_Step.csv
INFO:root:Command succeeded: git push origin main
INFO:root:Command succeeded: git pull origin main
INFO:root:Successfully appended records to Profiler_modem_PFL_Step.csv at 2024-05-11 13:25:08
INFO:root:Command succeeded: git add .
INFO:root:Command succeeded: git commit -m Changes to: Profiler_modem_PFL_Step.csv
INFO:root:Command succeeded: git push origin main
INFO:root:Command succeeded: git pull origin main
INFO:root:Successfully appended records to Profiler_modem_PFL_Step.csv at 2024-05-11 13:40:08
INFO:root:Command succeeded: git add .
ERROR:root:Command failed: git commit -m No changes detected. Error message: 
INFO:root:Command succeeded: git push origin main
INFO:root:Command succeeded: git pull origin main
INFO:root:Successfully appended records to Profiler_modem_PFL_Step.csv at 2024-05-11 13:55:08
INFO:root:Command succeeded: git add .
ERROR:root:Command failed: git commit -m No changes detected. Error message: 
INFO:root:Command succeeded: git push origin main
INFO:root:Command succeeded: git pull origin main
INFO:root:Successfully appended records to Profiler_modem_PFL_Step.csv at 2024-05-11 14:10:08
INFO:root:Command succeeded: git add .
INFO:root:Command succeeded: git commit -m Changes to: ScrapeWeather.py
INFO:root:Command succeeded: git push origin main
